# JRE version: OpenJDK Runtime Environment (22.0.2+9) (build 22.0.2+9-70)
# Java VM: OpenJDK 64-Bit Server VM (22.0.2+9-70, mixed mode, sharing, tiered, compressed oops, compressed class ptrs, g1 gc, windows-amd64)
GC Precious Log:
 CardTable entry size: 512
 Card Set container configuration: InlinePtr #cards 5 size 8 Array Of Cards #cards 12 size 40 Howl #buckets 4 coarsen threshold 1843 Howl Bitmap #cards 512 size 80 coarsen threshold 460 Card regions per heap region 1 cards per card region 2048
 CPUs: 8 total, 8 available
 Memory: 7863M
 Large Page Support: Disabled
 NUMA Support: Disabled
 Compressed Oops: Enabled (32-bit)
 Heap Region Size: 1M
 Heap Min Capacity: 8M
 Heap Initial Capacity: 124M
 Heap Max Capacity: 1966M
 Pre-touch: Disabled
 Parallel Workers: 8
 Concurrent Workers: 2
 Concurrent Refinement Workers: 8
 Periodic GC: Disabled
Heap:
 garbage-first heap   total reserved 2013184K, committed 78848K, used 48064K [0x0000000085200000, 0x0000000100000000)
  region size 1024K, 28 young (28672K), 3 survivors (3072K)
 Metaspace       used 36807K, committed 37376K, reserved 1114112K
  class space    used 4276K, committed 4544K, reserved 1048576K
GC Heap History (20 events):
Event: 6.834 GC heap before
{Heap before GC invocations=5 (full 0):
 garbage-first heap   total reserved 2013184K, committed 126976K, used 43388K [0x0000000085200000, 0x0000000100000000)
  region size 1024K, 34 young (34816K), 6 survivors (6144K)
 Metaspace       used 21196K, committed 21504K, reserved 1114112K
  class space    used 2400K, committed 2560K, reserved 1048576K
}
Event: 6.845 GC heap after
{Heap after GC invocations=6 (full 0):
 garbage-first heap   total reserved 2013184K, committed 126976K, used 16309K [0x0000000085200000, 0x0000000100000000)
  region size 1024K, 5 young (5120K), 5 survivors (5120K)
 Metaspace       used 21196K, committed 21504K, reserved 1114112K
  class space    used 2400K, committed 2560K, reserved 1048576K
}
Event: 7.207 GC heap before
{Heap before GC invocations=7 (full 0):
 garbage-first heap   total reserved 2013184K, committed 55296K, used 43957K [0x0000000085200000, 0x0000000100000000)
  region size 1024K, 32 young (32768K), 5 survivors (5120K)
 Metaspace       used 22209K, committed 22528K, reserved 1114112K
  class space    used 2505K, committed 2688K, reserved 1048576K
}
Event: 7.215 GC heap after
{Heap after GC invocations=8 (full 0):
 garbage-first heap   total reserved 2013184K, committed 55296K, used 16608K [0x0000000085200000, 0x0000000100000000)
  region size 1024K, 2 young (2048K), 2 survivors (2048K)
 Metaspace       used 22209K, committed 22528K, reserved 1114112K
  class space    used 2505K, committed 2688K, reserved 1048576K
}
Event: 7.476 GC heap before
{Heap before GC invocations=8 (full 0):
 garbage-first heap   total reserved 2013184K, committed 55296K, used 46304K [0x0000000085200000, 0x0000000100000000)
  region size 1024K, 32 young (32768K), 2 survivors (2048K)
 Metaspace       used 23518K, committed 23808K, reserved 1114112K
  class space    used 2657K, committed 2816K, reserved 1048576K
}
Event: 7.479 GC heap after
{Heap after GC invocations=9 (full 0):
 garbage-first heap   total reserved 2013184K, committed 55296K, used 16682K [0x0000000085200000, 0x0000000100000000)
  region size 1024K, 3 young (3072K), 3 survivors (3072K)
 Metaspace       used 23518K, committed 23808K, reserved 1114112K
  class space    used 2657K, committed 2816K, reserved 1048576K
}
Event: 7.588 GC heap before
{Heap before GC invocations=9 (full 0):
 garbage-first heap   total reserved 2013184K, committed 55296K, used 46378K [0x0000000085200000, 0x0000000100000000)
  region size 1024K, 32 young (32768K), 3 survivors (3072K)
 Metaspace       used 24813K, committed 25216K, reserved 1114112K
  class space    used 2814K, committed 3008K, reserved 1048576K
}
Event: 7.592 GC heap after
{Heap after GC invocations=10 (full 0):
 garbage-first heap   total reserved 2013184K, committed 66560K, used 16639K [0x0000000085200000, 0x0000000100000000)
  region size 1024K, 1 young (1024K), 1 survivors (1024K)
 Metaspace       used 24813K, committed 25216K, reserved 1114112K
  class space    used 2814K, committed 3008K, reserved 1048576K
}
Event: 8.081 GC heap before
{Heap before GC invocations=10 (full 0):
 garbage-first heap   total reserved 2013184K, committed 66560K, used 55551K [0x0000000085200000, 0x0000000100000000)
  region size 1024K, 39 young (39936K), 1 survivors (1024K)
 Metaspace       used 27051K, committed 27392K, reserved 1114112K
  class space    used 3097K, committed 3264K, reserved 1048576K
}
Event: 8.086 GC heap after
{Heap after GC invocations=11 (full 0):
 garbage-first heap   total reserved 2013184K, committed 66560K, used 18802K [0x0000000085200000, 0x0000000100000000)
  region size 1024K, 4 young (4096K), 4 survivors (4096K)
 Metaspace       used 27051K, committed 27392K, reserved 1114112K
  class space    used 3097K, committed 3264K, reserved 1048576K
}
Event: 9.103 GC heap before
{Heap before GC invocations=11 (full 0):
 garbage-first heap   total reserved 2013184K, committed 66560K, used 54642K [0x0000000085200000, 0x0000000100000000)
  region size 1024K, 39 young (39936K), 4 survivors (4096K)
 Metaspace       used 28640K, committed 29056K, reserved 1114112K
  class space    used 3256K, committed 3456K, reserved 1048576K
}
Event: 9.111 GC heap after
{Heap after GC invocations=12 (full 0):
 garbage-first heap   total reserved 2013184K, committed 66560K, used 20756K [0x0000000085200000, 0x0000000100000000)
  region size 1024K, 5 young (5120K), 5 survivors (5120K)
 Metaspace       used 28640K, committed 29056K, reserved 1114112K
  class space    used 3256K, committed 3456K, reserved 1048576K
}
Event: 9.553 GC heap before
{Heap before GC invocations=12 (full 0):
 garbage-first heap   total reserved 2013184K, committed 66560K, used 54548K [0x0000000085200000, 0x0000000100000000)
  region size 1024K, 39 young (39936K), 5 survivors (5120K)
 Metaspace       used 30197K, committed 30592K, reserved 1114112K
  class space    used 3422K, committed 3584K, reserved 1048576K
}
Event: 9.562 GC heap after
{Heap after GC invocations=13 (full 0):
 garbage-first heap   total reserved 2013184K, committed 66560K, used 20683K [0x0000000085200000, 0x0000000100000000)
  region size 1024K, 3 young (3072K), 3 survivors (3072K)
 Metaspace       used 30197K, committed 30592K, reserved 1114112K
  class space    used 3422K, committed 3584K, reserved 1048576K
}
Event: 10.405 GC heap before
{Heap before GC invocations=13 (full 0):
 garbage-first heap   total reserved 2013184K, committed 66560K, used 57547K [0x0000000085200000, 0x0000000100000000)
  region size 1024K, 39 young (39936K), 3 survivors (3072K)
 Metaspace       used 31962K, committed 32320K, reserved 1114112K
  class space    used 3662K, committed 3840K, reserved 1048576K
}
Event: 10.414 GC heap after
{Heap after GC invocations=14 (full 0):
 garbage-first heap   total reserved 2013184K, committed 66560K, used 21341K [0x0000000085200000, 0x0000000100000000)
  region size 1024K, 3 young (3072K), 3 survivors (3072K)
 Metaspace       used 31962K, committed 32320K, reserved 1114112K
  class space    used 3662K, committed 3840K, reserved 1048576K
}
Event: 11.112 GC heap before
{Heap before GC invocations=14 (full 0):
 garbage-first heap   total reserved 2013184K, committed 66560K, used 58205K [0x0000000085200000, 0x0000000100000000)
  region size 1024K, 39 young (39936K), 3 survivors (3072K)
 Metaspace       used 34175K, committed 34624K, reserved 1114112K
  class space    used 3936K, committed 4096K, reserved 1048576K
}
Event: 11.126 GC heap after
{Heap after GC invocations=15 (full 0):
 garbage-first heap   total reserved 2013184K, committed 66560K, used 22577K [0x0000000085200000, 0x0000000100000000)
  region size 1024K, 3 young (3072K), 3 survivors (3072K)
 Metaspace       used 34175K, committed 34624K, reserved 1114112K
  class space    used 3936K, committed 4096K, reserved 1048576K
}
Event: 11.626 GC heap before
{Heap before GC invocations=15 (full 0):
 garbage-first heap   total reserved 2013184K, committed 66560K, used 45105K [0x0000000085200000, 0x0000000100000000)
  region size 1024K, 26 young (26624K), 3 survivors (3072K)
 Metaspace       used 35515K, committed 35968K, reserved 1114112K
  class space    used 4145K, committed 4352K, reserved 1048576K
}
Event: 11.636 GC heap after
{Heap after GC invocations=16 (full 0):
 garbage-first heap   total reserved 2013184K, committed 79872K, used 23488K [0x0000000085200000, 0x0000000100000000)
  region size 1024K, 3 young (3072K), 3 survivors (3072K)
 Metaspace       used 35515K, committed 35968K, reserved 1114112K
  class space    used 4145K, committed 4352K, reserved 1048576K
}

