# JRE version: OpenJDK Runtime Environment (22.0.2+9) (build 22.0.2+9-70)
# Java VM: OpenJDK 64-Bit Server VM (22.0.2+9-70, mixed mode, sharing, tiered, compressed oops, compressed class ptrs, g1 gc, windows-amd64)
GC Precious Log:
 CardTable entry size: 512
 Card Set container configuration: InlinePtr #cards 5 size 8 Array Of Cards #cards 12 size 40 Howl #buckets 4 coarsen threshold 1843 Howl Bitmap #cards 512 size 80 coarsen threshold 460 Card regions per heap region 1 cards per card region 2048
 CPUs: 8 total, 8 available
 Memory: 7863M
 Large Page Support: Disabled
 NUMA Support: Disabled
 Compressed Oops: Enabled (32-bit)
 Heap Region Size: 1M
 Heap Min Capacity: 8M
 Heap Initial Capacity: 124M
 Heap Max Capacity: 1966M
 Pre-touch: Disabled
 Parallel Workers: 8
 Concurrent Workers: 2
 Concurrent Refinement Workers: 8
 Periodic GC: Disabled
Heap:
 garbage-first heap   total reserved 2013184K, committed 143360K, used 71623K [0x0000000085200000, 0x0000000100000000)
  region size 1024K, 34 young (34816K), 10 survivors (10240K)
 Metaspace       used 94995K, committed 95808K, reserved 1179648K
  class space    used 11899K, committed 12224K, reserved 1048576K
GC Heap History (20 events):
Event: 20.221 GC heap before
{Heap before GC invocations=26 (full 0):
 garbage-first heap   total reserved 2013184K, committed 98304K, used 83062K [0x0000000085200000, 0x0000000100000000)
  region size 1024K, 57 young (58368K), 5 survivors (5120K)
 Metaspace       used 63296K, committed 63808K, reserved 1114112K
  class space    used 7765K, committed 8000K, reserved 1048576K
}
Event: 20.233 GC heap after
{Heap after GC invocations=27 (full 0):
 garbage-first heap   total reserved 2013184K, committed 98304K, used 30115K [0x0000000085200000, 0x0000000100000000)
  region size 1024K, 4 young (4096K), 4 survivors (4096K)
 Metaspace       used 63296K, committed 63808K, reserved 1114112K
  class space    used 7765K, committed 8000K, reserved 1048576K
}
Event: 20.851 GC heap before
{Heap before GC invocations=27 (full 0):
 garbage-first heap   total reserved 2013184K, committed 98304K, used 84387K [0x0000000085200000, 0x0000000100000000)
  region size 1024K, 57 young (58368K), 4 survivors (4096K)
 Metaspace       used 66120K, committed 66688K, reserved 1114112K
  class space    used 8153K, committed 8384K, reserved 1048576K
}
Event: 20.862 GC heap after
{Heap after GC invocations=28 (full 0):
 garbage-first heap   total reserved 2013184K, committed 98304K, used 31651K [0x0000000085200000, 0x0000000100000000)
  region size 1024K, 5 young (5120K), 5 survivors (5120K)
 Metaspace       used 66120K, committed 66688K, reserved 1114112K
  class space    used 8153K, committed 8384K, reserved 1048576K
}
Event: 21.442 GC heap before
{Heap before GC invocations=28 (full 0):
 garbage-first heap   total reserved 2013184K, committed 98304K, used 84899K [0x0000000085200000, 0x0000000100000000)
  region size 1024K, 57 young (58368K), 5 survivors (5120K)
 Metaspace       used 68925K, committed 69568K, reserved 1114112K
  class space    used 8408K, committed 8704K, reserved 1048576K
}
Event: 21.450 GC heap after
{Heap after GC invocations=29 (full 0):
 garbage-first heap   total reserved 2013184K, committed 118784K, used 31744K [0x0000000085200000, 0x0000000100000000)
  region size 1024K, 4 young (4096K), 4 survivors (4096K)
 Metaspace       used 68925K, committed 69568K, reserved 1114112K
  class space    used 8408K, committed 8704K, reserved 1048576K
}
Event: 22.140 GC heap before
{Heap before GC invocations=29 (full 0):
 garbage-first heap   total reserved 2013184K, committed 118784K, used 98304K [0x0000000085200000, 0x0000000100000000)
  region size 1024K, 69 young (70656K), 4 survivors (4096K)
 Metaspace       used 72596K, committed 73216K, reserved 1114112K
  class space    used 8932K, committed 9216K, reserved 1048576K
}
Event: 22.150 GC heap after
{Heap after GC invocations=30 (full 0):
 garbage-first heap   total reserved 2013184K, committed 118784K, used 33681K [0x0000000085200000, 0x0000000100000000)
  region size 1024K, 6 young (6144K), 6 survivors (6144K)
 Metaspace       used 72596K, committed 73216K, reserved 1114112K
  class space    used 8932K, committed 9216K, reserved 1048576K
}
Event: 22.908 GC heap before
{Heap before GC invocations=30 (full 0):
 garbage-first heap   total reserved 2013184K, committed 118784K, used 98193K [0x0000000085200000, 0x0000000100000000)
  region size 1024K, 69 young (70656K), 6 survivors (6144K)
 Metaspace       used 75601K, committed 76224K, reserved 1179648K
  class space    used 9300K, committed 9536K, reserved 1048576K
}
Event: 22.922 GC heap after
{Heap after GC invocations=31 (full 0):
 garbage-first heap   total reserved 2013184K, committed 118784K, used 35694K [0x0000000085200000, 0x0000000100000000)
  region size 1024K, 7 young (7168K), 7 survivors (7168K)
 Metaspace       used 75601K, committed 76224K, reserved 1179648K
  class space    used 9300K, committed 9536K, reserved 1048576K
}
Event: 24.183 GC heap before
{Heap before GC invocations=31 (full 0):
 garbage-first heap   total reserved 2013184K, committed 118784K, used 99182K [0x0000000085200000, 0x0000000100000000)
  region size 1024K, 69 young (70656K), 7 survivors (7168K)
 Metaspace       used 78857K, committed 79616K, reserved 1179648K
  class space    used 9756K, committed 10112K, reserved 1048576K
}
Event: 24.202 GC heap after
{Heap after GC invocations=32 (full 0):
 garbage-first heap   total reserved 2013184K, committed 118784K, used 37762K [0x0000000085200000, 0x0000000100000000)
  region size 1024K, 6 young (6144K), 6 survivors (6144K)
 Metaspace       used 78857K, committed 79616K, reserved 1179648K
  class space    used 9756K, committed 10112K, reserved 1048576K
}
Event: 25.383 GC heap before
{Heap before GC invocations=32 (full 0):
 garbage-first heap   total reserved 2013184K, committed 118784K, used 102274K [0x0000000085200000, 0x0000000100000000)
  region size 1024K, 69 young (70656K), 6 survivors (6144K)
 Metaspace       used 82519K, committed 83328K, reserved 1179648K
  class space    used 10350K, committed 10688K, reserved 1048576K
}
Event: 25.403 GC heap after
{Heap after GC invocations=33 (full 0):
 garbage-first heap   total reserved 2013184K, committed 143360K, used 40043K [0x0000000085200000, 0x0000000100000000)
  region size 1024K, 7 young (7168K), 7 survivors (7168K)
 Metaspace       used 82519K, committed 83328K, reserved 1179648K
  class space    used 10350K, committed 10688K, reserved 1048576K
}
Event: 28.035 GC heap before
{Heap before GC invocations=33 (full 0):
 garbage-first heap   total reserved 2013184K, committed 143360K, used 117867K [0x0000000085200000, 0x0000000100000000)
  region size 1024K, 84 young (86016K), 7 survivors (7168K)
 Metaspace       used 85646K, committed 86400K, reserved 1179648K
  class space    used 10768K, committed 11072K, reserved 1048576K
}
Event: 28.048 GC heap after
{Heap after GC invocations=34 (full 0):
 garbage-first heap   total reserved 2013184K, committed 143360K, used 41943K [0x0000000085200000, 0x0000000100000000)
  region size 1024K, 7 young (7168K), 7 survivors (7168K)
 Metaspace       used 85646K, committed 86400K, reserved 1179648K
  class space    used 10768K, committed 11072K, reserved 1048576K
}
Event: 29.962 GC heap before
{Heap before GC invocations=34 (full 0):
 garbage-first heap   total reserved 2013184K, committed 143360K, used 119767K [0x0000000085200000, 0x0000000100000000)
  region size 1024K, 84 young (86016K), 7 survivors (7168K)
 Metaspace       used 89192K, committed 90048K, reserved 1179648K
  class space    used 11149K, committed 11520K, reserved 1048576K
}
Event: 29.978 GC heap after
{Heap after GC invocations=35 (full 0):
 garbage-first heap   total reserved 2013184K, committed 143360K, used 42711K [0x0000000085200000, 0x0000000100000000)
  region size 1024K, 5 young (5120K), 5 survivors (5120K)
 Metaspace       used 89192K, committed 90048K, reserved 1179648K
  class space    used 11149K, committed 11520K, reserved 1048576K
}
Event: 34.187 GC heap before
{Heap before GC invocations=35 (full 0):
 garbage-first heap   total reserved 2013184K, committed 143360K, used 122583K [0x0000000085200000, 0x0000000100000000)
  region size 1024K, 84 young (86016K), 5 survivors (5120K)
 Metaspace       used 93346K, committed 94080K, reserved 1179648K
  class space    used 11648K, committed 11968K, reserved 1048576K
}
Event: 34.205 GC heap after
{Heap after GC invocations=36 (full 0):
 garbage-first heap   total reserved 2013184K, committed 143360K, used 48071K [0x0000000085200000, 0x0000000100000000)
  region size 1024K, 10 young (10240K), 10 survivors (10240K)
 Metaspace       used 93346K, committed 94080K, reserved 1179648K
  class space    used 11648K, committed 11968K, reserved 1048576K
}

