# JRE version: OpenJDK Runtime Environment (22.0.2+9) (build 22.0.2+9-70)
# Java VM: OpenJDK 64-Bit Server VM (22.0.2+9-70, mixed mode, sharing, tiered, compressed oops, compressed class ptrs, g1 gc, windows-amd64)
GC Precious Log:
 CardTable entry size: 512
 Card Set container configuration: InlinePtr #cards 5 size 8 Array Of Cards #cards 12 size 40 Howl #buckets 4 coarsen threshold 1843 Howl Bitmap #cards 512 size 80 coarsen threshold 460 Card regions per heap region 1 cards per card region 2048
 CPUs: 8 total, 8 available
 Memory: 7863M
 Large Page Support: Disabled
 NUMA Support: Disabled
 Compressed Oops: Enabled (32-bit)
 Heap Region Size: 1M
 Heap Min Capacity: 8M
 Heap Initial Capacity: 124M
 Heap Max Capacity: 1966M
 Pre-touch: Disabled
 Parallel Workers: 8
 Concurrent Workers: 2
 Concurrent Refinement Workers: 8
 Periodic GC: Disabled
Heap:
 garbage-first heap   total reserved 2013184K, committed 79872K, used 68013K [0x0000000085200000, 0x0000000100000000)
  region size 1024K, 41 young (41984K), 2 survivors (2048K)
 Metaspace       used 55972K, committed 56512K, reserved 1114112K
  class space    used 6653K, committed 6912K, reserved 1048576K
GC Heap History (20 events):
Event: 21.201 GC heap before
{Heap before GC invocations=15 (full 0):
 garbage-first heap   total reserved 2013184K, committed 66560K, used 59061K [0x0000000085200000, 0x0000000100000000)
  region size 1024K, 39 young (39936K), 2 survivors (2048K)
 Metaspace       used 33624K, committed 34048K, reserved 1114112K
  class space    used 3859K, committed 4032K, reserved 1048576K
}
Event: 21.209 GC heap after
{Heap after GC invocations=16 (full 0):
 garbage-first heap   total reserved 2013184K, committed 66560K, used 22401K [0x0000000085200000, 0x0000000100000000)
  region size 1024K, 4 young (4096K), 4 survivors (4096K)
 Metaspace       used 33624K, committed 34048K, reserved 1114112K
  class space    used 3859K, committed 4032K, reserved 1048576K
}
Event: 22.623 GC heap before
{Heap before GC invocations=16 (full 0):
 garbage-first heap   total reserved 2013184K, committed 66560K, used 51073K [0x0000000085200000, 0x0000000100000000)
  region size 1024K, 33 young (33792K), 4 survivors (4096K)
 Metaspace       used 35496K, committed 35968K, reserved 1114112K
  class space    used 4136K, committed 4352K, reserved 1048576K
}
Event: 22.636 GC heap after
{Heap after GC invocations=17 (full 0):
 garbage-first heap   total reserved 2013184K, committed 66560K, used 23984K [0x0000000085200000, 0x0000000100000000)
  region size 1024K, 4 young (4096K), 4 survivors (4096K)
 Metaspace       used 35496K, committed 35968K, reserved 1114112K
  class space    used 4136K, committed 4352K, reserved 1048576K
}
Event: 23.451 GC heap before
{Heap before GC invocations=18 (full 0):
 garbage-first heap   total reserved 2013184K, committed 66560K, used 57776K [0x0000000085200000, 0x0000000100000000)
  region size 1024K, 37 young (37888K), 4 survivors (4096K)
 Metaspace       used 37203K, committed 37760K, reserved 1114112K
  class space    used 4332K, committed 4608K, reserved 1048576K
}
Event: 23.462 GC heap after
{Heap after GC invocations=19 (full 0):
 garbage-first heap   total reserved 2013184K, committed 66560K, used 24043K [0x0000000085200000, 0x0000000100000000)
  region size 1024K, 3 young (3072K), 3 survivors (3072K)
 Metaspace       used 37203K, committed 37760K, reserved 1114112K
  class space    used 4332K, committed 4608K, reserved 1048576K
}
Event: 24.290 GC heap before
{Heap before GC invocations=19 (full 0):
 garbage-first heap   total reserved 2013184K, committed 66560K, used 58859K [0x0000000085200000, 0x0000000100000000)
  region size 1024K, 37 young (37888K), 3 survivors (3072K)
 Metaspace       used 39232K, committed 39808K, reserved 1114112K
  class space    used 4596K, committed 4864K, reserved 1048576K
}
Event: 24.304 GC heap after
{Heap after GC invocations=20 (full 0):
 garbage-first heap   total reserved 2013184K, committed 66560K, used 24038K [0x0000000085200000, 0x0000000100000000)
  region size 1024K, 2 young (2048K), 2 survivors (2048K)
 Metaspace       used 39232K, committed 39808K, reserved 1114112K
  class space    used 4596K, committed 4864K, reserved 1048576K
}
Event: 25.375 GC heap before
{Heap before GC invocations=20 (full 0):
 garbage-first heap   total reserved 2013184K, committed 66560K, used 59878K [0x0000000085200000, 0x0000000100000000)
  region size 1024K, 37 young (37888K), 2 survivors (2048K)
 Metaspace       used 41560K, committed 42112K, reserved 1114112K
  class space    used 4952K, committed 5184K, reserved 1048576K
}
Event: 25.385 GC heap after
{Heap after GC invocations=21 (full 0):
 garbage-first heap   total reserved 2013184K, committed 66560K, used 24691K [0x0000000085200000, 0x0000000100000000)
  region size 1024K, 3 young (3072K), 3 survivors (3072K)
 Metaspace       used 41560K, committed 42112K, reserved 1114112K
  class space    used 4952K, committed 5184K, reserved 1048576K
}
Event: 26.799 GC heap before
{Heap before GC invocations=21 (full 0):
 garbage-first heap   total reserved 2013184K, committed 66560K, used 58483K [0x0000000085200000, 0x0000000100000000)
  region size 1024K, 36 young (36864K), 3 survivors (3072K)
 Metaspace       used 43648K, committed 44160K, reserved 1114112K
  class space    used 5276K, committed 5504K, reserved 1048576K
}
Event: 26.810 GC heap after
{Heap after GC invocations=22 (full 0):
 garbage-first heap   total reserved 2013184K, committed 66560K, used 25062K [0x0000000085200000, 0x0000000100000000)
  region size 1024K, 3 young (3072K), 3 survivors (3072K)
 Metaspace       used 43648K, committed 44160K, reserved 1114112K
  class space    used 5276K, committed 5504K, reserved 1048576K
}
Event: 27.353 GC heap before
{Heap before GC invocations=22 (full 0):
 garbage-first heap   total reserved 2013184K, committed 66560K, used 58854K [0x0000000085200000, 0x0000000100000000)
  region size 1024K, 36 young (36864K), 3 survivors (3072K)
 Metaspace       used 45209K, committed 45760K, reserved 1114112K
  class space    used 5397K, committed 5632K, reserved 1048576K
}
Event: 27.365 GC heap after
{Heap after GC invocations=23 (full 0):
 garbage-first heap   total reserved 2013184K, committed 66560K, used 25890K [0x0000000085200000, 0x0000000100000000)
  region size 1024K, 3 young (3072K), 3 survivors (3072K)
 Metaspace       used 45209K, committed 45760K, reserved 1114112K
  class space    used 5397K, committed 5632K, reserved 1048576K
}
Event: 28.961 GC heap before
{Heap before GC invocations=23 (full 0):
 garbage-first heap   total reserved 2013184K, committed 66560K, used 58658K [0x0000000085200000, 0x0000000100000000)
  region size 1024K, 35 young (35840K), 3 survivors (3072K)
 Metaspace       used 50697K, committed 51264K, reserved 1114112K
  class space    used 6039K, committed 6272K, reserved 1048576K
}
Event: 28.971 GC heap after
{Heap after GC invocations=24 (full 0):
 garbage-first heap   total reserved 2013184K, committed 66560K, used 27319K [0x0000000085200000, 0x0000000100000000)
  region size 1024K, 4 young (4096K), 4 survivors (4096K)
 Metaspace       used 50697K, committed 51264K, reserved 1114112K
  class space    used 6039K, committed 6272K, reserved 1048576K
}
Event: 29.693 GC heap before
{Heap before GC invocations=24 (full 0):
 garbage-first heap   total reserved 2013184K, committed 66560K, used 57015K [0x0000000085200000, 0x0000000100000000)
  region size 1024K, 33 young (33792K), 4 survivors (4096K)
 Metaspace       used 52350K, committed 52928K, reserved 1114112K
  class space    used 6237K, committed 6464K, reserved 1048576K
}
Event: 29.705 GC heap after
{Heap after GC invocations=25 (full 0):
 garbage-first heap   total reserved 2013184K, committed 66560K, used 28507K [0x0000000085200000, 0x0000000100000000)
  region size 1024K, 4 young (4096K), 4 survivors (4096K)
 Metaspace       used 52350K, committed 52928K, reserved 1114112K
  class space    used 6237K, committed 6464K, reserved 1048576K
}
Event: 30.269 GC heap before
{Heap before GC invocations=25 (full 0):
 garbage-first heap   total reserved 2013184K, committed 66560K, used 57179K [0x0000000085200000, 0x0000000100000000)
  region size 1024K, 32 young (32768K), 4 survivors (4096K)
 Metaspace       used 53821K, committed 54336K, reserved 1114112K
  class space    used 6421K, committed 6656K, reserved 1048576K
}
Event: 30.279 GC heap after
{Heap after GC invocations=26 (full 0):
 garbage-first heap   total reserved 2013184K, committed 79872K, used 29101K [0x0000000085200000, 0x0000000100000000)
  region size 1024K, 2 young (2048K), 2 survivors (2048K)
 Metaspace       used 53821K, committed 54336K, reserved 1114112K
  class space    used 6421K, committed 6656K, reserved 1048576K
}

